13:57:34 - ERR - post - ("Error al validar el request -> {'login_password': ['Missing data for required field.'], 'login_user': ['Missing data for required field.'], 'usuario': ['Unknown field.'], 'contrasena': ['Unknown field.']}",)
13:57:36 - ERR - post - ("Error al validar el request -> {'login_password': ['Missing data for required field.'], 'login_user': ['Missing data for required field.'], 'usuario': ['Unknown field.'], 'contrasena': ['Unknown field.']}",)
13:57:39 - ERR - post - ("Error al validar el request -> {'login_password': ['Missing data for required field.'], 'login_user': ['Missing data for required field.'], 'usuario': ['Unknown field.'], 'contrasena': ['Unknown field.']}",)
13:57:42 - ERR - post - ("Error al validar el request -> {'login_password': ['Missing data for required field.'], 'login_user': ['Missing data for required field.'], 'usuario': ['Unknown field.'], 'contrasena': ['Unknown field.']}",)
13:58:41 - ERR - post - ("Error al validar el request -> {'login_password': ['Missing data for required field.'], 'login_user': ['Missing data for required field.'], 'usuario': ['Unknown field.'], 'contrasena': ['Unknown field.']}",)
13:58:44 - ERR - post - ("Error al validar el request -> {'login_password': ['Missing data for required field.'], 'login_user': ['Missing data for required field.'], 'usuario': ['Unknown field.'], 'contrasena': ['Unknown field.']}",)
14:22:43 - ERR - post - ("Error al validar el request -> {'login_password': ['Missing data for required field.'], 'login_user': ['Missing data for required field.'], 'username': ['Unknown field.'], 'password': ['Unknown field.']}",)
14:23:59 - ERR - post - ("Error al validar el request -> {'username': ['Unknown field.'], 'password': ['Unknown field.']}",)
14:33:57 - ERR - post - ("Error al validar el request -> {'login_password': ['Missing data for required field.'], 'password': ['Unknown field.'], 'username': ['Unknown field.']}",)
14:34:13 - ERR - post - ("Error al validar el request -> {'login_password': ['Missing data for required field.'], 'password': ['Unknown field.'], 'username': ['Unknown field.']}",)
14:34:42 - ERR - post - ("Error al validar el request -> {'username': ['Unknown field.'], 'password': ['Unknown field.']}",)
14:49:00 - ERR - post - ("Error al validar el request -> {'login_password': ['Missing data for required field.'], 'login_user': ['Missing data for required field.'], 'username': ['Unknown field.'], 'password': ['Unknown field.']}",)
14:49:03 - ERR - post - ("Error al validar el request -> {'login_password': ['Missing data for required field.'], 'login_user': ['Missing data for required field.'], 'username': ['Unknown field.'], 'password': ['Unknown field.']}",)
14:50:00 - ERR - post - ("Error al validar el request -> {'login_password': ['Not a valid string.'], 'login_user': ['Not a valid string.']}",)
14:50:21 - ERR - post - ("Error al validar el request -> {'login_password': ['Not a valid string.'], 'login_user': ['Not a valid string.']}",)
14:50:28 - ERR - post - ("Error al validar el request -> {'login_password': ['Not a valid string.'], 'login_user': ['Not a valid string.']}",)
14:52:18 - ERR - post - ("Error al validar el request -> {'login_password': ['Missing data for required field.'], 'login_user': ['Missing data for required field.'], 'username': ['Unknown field.'], 'password': ['Unknown field.']}",)
14:52:51 - ERR - post - ("Error al validar el request -> {'login_password': ['Missing data for required field.'], 'login_user': ['Missing data for required field.'], 'username': ['Unknown field.'], 'password': ['Unknown field.']}",)
15:02:04 - ERR - post - ("Error al validar el request -> {'login_password': ['Missing data for required field.'], 'login_user': ['Missing data for required field.'], 'username': ['Unknown field.'], 'password': ['Unknown field.']}",)
15:02:05 - ERR - post - ("Error al validar el request -> {'login_password': ['Missing data for required field.'], 'login_user': ['Missing data for required field.'], 'username': ['Unknown field.'], 'password': ['Unknown field.']}",)
15:02:08 - ERR - post - ("Error al validar el request -> {'login_password': ['Missing data for required field.'], 'login_user': ['Missing data for required field.'], 'username': ['Unknown field.'], 'password': ['Unknown field.']}",)
15:15:25 - ERR - post - ("Error al validar el request -> {'login_password': ['Missing data for required field.'], 'login_user': ['Missing data for required field.'], 'username': ['Unknown field.'], 'password': ['Unknown field.']}",)
17:51:30 - ERR - post - ("Error al validar el request -> {'login_user': ['Missing data for required field.'], 'login_password': ['Missing data for required field.'], 'username': ['Unknown field.'], 'password': ['Unknown field.']}",)
17:52:15 - ERR - post - ("Error al validar el request -> {'username': ['Unknown field.'], 'password': ['Unknown field.']}",)
17:52:52 - ERR - post - ("Error al validar el request -> {'username': ['Unknown field.'], 'password': ['Unknown field.']}",)
17:53:43 - ERR - post - ("Error al validar el request -> {'username': ['Unknown field.'], 'password': ['Unknown field.']}",)
17:55:31 - ERR - post - ("Error al validar el request -> {'username': ['Unknown field.'], 'password': ['Unknown field.']}",)
17:56:00 - ERR - post - ("Error al validar el request -> {'username': ['Unknown field.'], 'password': ['Unknown field.']}",)
17:56:39 - ERR - post - ("Error al validar el request -> {'username': ['Unknown field.'], 'password': ['Unknown field.']}",)
17:57:38 - ERR - post - ("Error al validar el request -> {'username': ['Unknown field.'], 'password': ['Unknown field.']}",)
18:58:18 - ERR - ExecuteNonQuery - (ForeignKeyViolation('inserción o actualización en la tabla «usuarios» viola la llave foránea «usuarios_id_carrera_fkey»\nDETAIL:  La llave (id_carrera)=(0) no está presente en la tabla «carreras».\n'),)
