11:15:18 - ERR - ExecuteNonQuery - (ForeignKeyViolation('inserción o actualización en la tabla «amistades» viola la llave foránea «amistades_id_usuario2_fkey»\nDETAIL:  La llave (id_usuario2)=(3) no está presente en la tabla «usuarios».\n'),)
11:15:55 - ERR - ExecuteNonQuery - (ForeignKeyViolation('inserción o actualización en la tabla «amistades» viola la llave foránea «amistades_id_usuario2_fkey»\nDETAIL:  La llave (id_usuario2)=(4) no está presente en la tabla «usuarios».\n'),)
11:25:36 - ERR - ExecuteNonQuery - (CheckViolation('el nuevo registro para la relación «reacciones» viola la restricción «check» «reacciones_tipo_check»\nDETAIL:  La fila que falla contiene (2, 1, 1, me encasdnta, 2024-07-20 11:25:36.577667).\n'),)
11:25:52 - ERR - ExecuteNonQuery - (CheckViolation('el nuevo registro para la relación «reacciones» viola la restricción «check» «reacciones_tipo_check»\nDETAIL:  La fila que falla contiene (3, 1, 10, me encasdnta, 2024-07-20 11:25:52.127115).\n'),)
12:01:48 - ERR - ExecuteNonQuery - (ForeignKeyViolation('inserción o actualización en la tabla «usuarios» viola la llave foránea «usuarios_id_carrera_fkey»\nDETAIL:  La llave (id_carrera)=(0) no está presente en la tabla «carreras».\n'),)
12:07:21 - ERR - ExecuteNonQuery - (ForeignKeyViolation('inserción o actualización en la tabla «usuarios» viola la llave foránea «usuarios_id_carrera_fkey»\nDETAIL:  La llave (id_carrera)=(0) no está presente en la tabla «carreras».\n'),)
13:13:48 - ERR - ExecuteNonQuery - (UndefinedColumn('no existe la columna «estado» en la relación «usuarios»\nLINE 3:                 SET estado = false\n                            ^\n'),)
15:00:13 - ERR - ExecuteNonQuery - (ForeignKeyViolation('update o delete en «publicaciones» viola la llave foránea «comentarios_id_publicacion_fkey» en la tabla «comentarios»\nDETAIL:  La llave (id)=(1) todavía es referida desde la tabla «comentarios».\n'),)
16:20:13 - ERR - ExecuteNonQuery - (UniqueViolation('llave duplicada viola restricción de unicidad «amistades_id_usuario1_id_usuario2_key»\nDETAIL:  Ya existe la llave (id_usuario1, id_usuario2)=(9, 2).\n'),)
16:22:00 - ERR - ExecuteNonQuery - (UniqueViolation('llave duplicada viola restricción de unicidad «amistades_id_usuario1_id_usuario2_key»\nDETAIL:  Ya existe la llave (id_usuario1, id_usuario2)=(9, 10).\n'),)
16:27:35 - ERR - ExecuteNonQuery - (UniqueViolation('llave duplicada viola restricción de unicidad «amistades_id_usuario1_id_usuario2_key»\nDETAIL:  Ya existe la llave (id_usuario1, id_usuario2)=(2, 9).\n'),)
16:30:42 - ERR - ExecuteNonQuery - (UniqueViolation('llave duplicada viola restricción de unicidad «amistades_id_usuario1_id_usuario2_key»\nDETAIL:  Ya existe la llave (id_usuario1, id_usuario2)=(2, 9).\n'),)
16:37:30 - ERR - ExecuteNonQuery - (UniqueViolation('llave duplicada viola restricción de unicidad «amistades_id_usuario1_id_usuario2_key»\nDETAIL:  Ya existe la llave (id_usuario1, id_usuario2)=(2, 10).\n'),)
16:37:32 - ERR - ExecuteNonQuery - (UniqueViolation('llave duplicada viola restricción de unicidad «amistades_id_usuario1_id_usuario2_key»\nDETAIL:  Ya existe la llave (id_usuario1, id_usuario2)=(2, 9).\n'),)
16:44:13 - ERR - ExecuteNonQuery - (UniqueViolation('llave duplicada viola restricción de unicidad «amistades_id_usuario1_id_usuario2_key»\nDETAIL:  Ya existe la llave (id_usuario1, id_usuario2)=(2, 9).\n'),)
16:45:58 - ERR - ExecuteNonQuery - (UniqueViolation('llave duplicada viola restricción de unicidad «amistades_id_usuario1_id_usuario2_key»\nDETAIL:  Ya existe la llave (id_usuario1, id_usuario2)=(2, 9).\n'),)
16:45:59 - ERR - ExecuteNonQuery - (UniqueViolation('llave duplicada viola restricción de unicidad «amistades_id_usuario1_id_usuario2_key»\nDETAIL:  Ya existe la llave (id_usuario1, id_usuario2)=(2, 9).\n'),)
16:46:00 - ERR - ExecuteNonQuery - (UniqueViolation('llave duplicada viola restricción de unicidad «amistades_id_usuario1_id_usuario2_key»\nDETAIL:  Ya existe la llave (id_usuario1, id_usuario2)=(2, 10).\n'),)
16:46:52 - ERR - ExecuteNonQuery - (UniqueViolation('llave duplicada viola restricción de unicidad «amistades_id_usuario1_id_usuario2_key»\nDETAIL:  Ya existe la llave (id_usuario1, id_usuario2)=(2, 9).\n'),)
16:46:53 - ERR - ExecuteNonQuery - (UniqueViolation('llave duplicada viola restricción de unicidad «amistades_id_usuario1_id_usuario2_key»\nDETAIL:  Ya existe la llave (id_usuario1, id_usuario2)=(2, 10).\n'),)
16:51:48 - ERR - ExecuteNonQuery - (UniqueViolation('llave duplicada viola restricción de unicidad «amistades_id_usuario1_id_usuario2_key»\nDETAIL:  Ya existe la llave (id_usuario1, id_usuario2)=(2, 9).\n'),)
16:52:31 - ERR - ExecuteNonQuery - (UniqueViolation('llave duplicada viola restricción de unicidad «amistades_id_usuario1_id_usuario2_key»\nDETAIL:  Ya existe la llave (id_usuario1, id_usuario2)=(2, 9).\n'),)
16:56:07 - ERR - ExecuteNonQuery - (UniqueViolation('llave duplicada viola restricción de unicidad «amistades_id_usuario1_id_usuario2_key»\nDETAIL:  Ya existe la llave (id_usuario1, id_usuario2)=(2, 9).\n'),)
16:56:08 - ERR - ExecuteNonQuery - (UniqueViolation('llave duplicada viola restricción de unicidad «amistades_id_usuario1_id_usuario2_key»\nDETAIL:  Ya existe la llave (id_usuario1, id_usuario2)=(2, 10).\n'),)
16:57:44 - ERR - ExecuteNonQuery - (UniqueViolation('llave duplicada viola restricción de unicidad «amistades_id_usuario1_id_usuario2_key»\nDETAIL:  Ya existe la llave (id_usuario1, id_usuario2)=(2, 9).\n'),)
17:08:46 - ERR - ExecuteNonQuery - (UniqueViolation('llave duplicada viola restricción de unicidad «amistades_id_usuario1_id_usuario2_key»\nDETAIL:  Ya existe la llave (id_usuario1, id_usuario2)=(2, 9).\n'),)
17:08:47 - ERR - ExecuteNonQuery - (UniqueViolation('llave duplicada viola restricción de unicidad «amistades_id_usuario1_id_usuario2_key»\nDETAIL:  Ya existe la llave (id_usuario1, id_usuario2)=(2, 10).\n'),)
17:10:54 - ERR - ExecuteNonQuery - (UniqueViolation('llave duplicada viola restricción de unicidad «amistades_id_usuario1_id_usuario2_key»\nDETAIL:  Ya existe la llave (id_usuario1, id_usuario2)=(2, 9).\n'),)
17:10:55 - ERR - ExecuteNonQuery - (UniqueViolation('llave duplicada viola restricción de unicidad «amistades_id_usuario1_id_usuario2_key»\nDETAIL:  Ya existe la llave (id_usuario1, id_usuario2)=(2, 10).\n'),)
17:13:23 - ERR - ExecuteNonQuery - (UniqueViolation('llave duplicada viola restricción de unicidad «amistades_id_usuario1_id_usuario2_key»\nDETAIL:  Ya existe la llave (id_usuario1, id_usuario2)=(2, 9).\n'),)
17:18:21 - ERR - ExecuteNonQuery - (UniqueViolation('llave duplicada viola restricción de unicidad «amistades_id_usuario1_id_usuario2_key»\nDETAIL:  Ya existe la llave (id_usuario1, id_usuario2)=(2, 10).\n'),)
17:19:00 - ERR - ExecuteNonQuery - (UniqueViolation('llave duplicada viola restricción de unicidad «amistades_id_usuario1_id_usuario2_key»\nDETAIL:  Ya existe la llave (id_usuario1, id_usuario2)=(2, 10).\n'),)
17:19:31 - ERR - ExecuteNonQuery - (UniqueViolation('llave duplicada viola restricción de unicidad «amistades_id_usuario1_id_usuario2_key»\nDETAIL:  Ya existe la llave (id_usuario1, id_usuario2)=(2, 10).\n'),)
17:19:31 - ERR - ExecuteNonQuery - (UniqueViolation('llave duplicada viola restricción de unicidad «amistades_id_usuario1_id_usuario2_key»\nDETAIL:  Ya existe la llave (id_usuario1, id_usuario2)=(2, 9).\n'),)
17:21:33 - ERR - ExecuteNonQuery - (UniqueViolation('llave duplicada viola restricción de unicidad «amistades_id_usuario1_id_usuario2_key»\nDETAIL:  Ya existe la llave (id_usuario1, id_usuario2)=(2, 9).\n'),)
17:21:35 - ERR - ExecuteNonQuery - (UniqueViolation('llave duplicada viola restricción de unicidad «amistades_id_usuario1_id_usuario2_key»\nDETAIL:  Ya existe la llave (id_usuario1, id_usuario2)=(2, 10).\n'),)
17:21:35 - ERR - ExecuteNonQuery - (UniqueViolation('llave duplicada viola restricción de unicidad «amistades_id_usuario1_id_usuario2_key»\nDETAIL:  Ya existe la llave (id_usuario1, id_usuario2)=(2, 10).\n'),)
17:21:35 - ERR - ExecuteNonQuery - (UniqueViolation('llave duplicada viola restricción de unicidad «amistades_id_usuario1_id_usuario2_key»\nDETAIL:  Ya existe la llave (id_usuario1, id_usuario2)=(2, 10).\n'),)
17:21:42 - ERR - ExecuteNonQuery - (UniqueViolation('llave duplicada viola restricción de unicidad «amistades_id_usuario1_id_usuario2_key»\nDETAIL:  Ya existe la llave (id_usuario1, id_usuario2)=(2, 9).\n'),)
17:23:01 - ERR - ExecuteNonQuery - (UniqueViolation('llave duplicada viola restricción de unicidad «amistades_id_usuario1_id_usuario2_key»\nDETAIL:  Ya existe la llave (id_usuario1, id_usuario2)=(2, 9).\n'),)
17:23:03 - ERR - ExecuteNonQuery - (UniqueViolation('llave duplicada viola restricción de unicidad «amistades_id_usuario1_id_usuario2_key»\nDETAIL:  Ya existe la llave (id_usuario1, id_usuario2)=(2, 10).\n'),)
17:23:13 - ERR - ExecuteNonQuery - (UniqueViolation('llave duplicada viola restricción de unicidad «amistades_id_usuario1_id_usuario2_key»\nDETAIL:  Ya existe la llave (id_usuario1, id_usuario2)=(2, 9).\n'),)
17:23:40 - ERR - ExecuteNonQuery - (UniqueViolation('llave duplicada viola restricción de unicidad «amistades_id_usuario1_id_usuario2_key»\nDETAIL:  Ya existe la llave (id_usuario1, id_usuario2)=(2, 9).\n'),)
17:25:28 - ERR - ExecuteNonQuery - (UniqueViolation('llave duplicada viola restricción de unicidad «amistades_id_usuario1_id_usuario2_key»\nDETAIL:  Ya existe la llave (id_usuario1, id_usuario2)=(2, 9).\n'),)
17:25:30 - ERR - ExecuteNonQuery - (UniqueViolation('llave duplicada viola restricción de unicidad «amistades_id_usuario1_id_usuario2_key»\nDETAIL:  Ya existe la llave (id_usuario1, id_usuario2)=(2, 10).\n'),)
17:25:33 - ERR - ExecuteNonQuery - (UniqueViolation('llave duplicada viola restricción de unicidad «amistades_id_usuario1_id_usuario2_key»\nDETAIL:  Ya existe la llave (id_usuario1, id_usuario2)=(2, 9).\n'),)
17:25:36 - ERR - ExecuteNonQuery - (UniqueViolation('llave duplicada viola restricción de unicidad «amistades_id_usuario1_id_usuario2_key»\nDETAIL:  Ya existe la llave (id_usuario1, id_usuario2)=(2, 10).\n'),)
17:25:58 - ERR - ExecuteNonQuery - (UniqueViolation('llave duplicada viola restricción de unicidad «amistades_id_usuario1_id_usuario2_key»\nDETAIL:  Ya existe la llave (id_usuario1, id_usuario2)=(2, 9).\n'),)
17:26:12 - ERR - ExecuteNonQuery - (UniqueViolation('llave duplicada viola restricción de unicidad «amistades_id_usuario1_id_usuario2_key»\nDETAIL:  Ya existe la llave (id_usuario1, id_usuario2)=(2, 9).\n'),)
17:26:14 - ERR - ExecuteNonQuery - (UniqueViolation('llave duplicada viola restricción de unicidad «amistades_id_usuario1_id_usuario2_key»\nDETAIL:  Ya existe la llave (id_usuario1, id_usuario2)=(2, 10).\n'),)
17:27:35 - ERR - ExecuteNonQuery - (UniqueViolation('llave duplicada viola restricción de unicidad «amistades_id_usuario1_id_usuario2_key»\nDETAIL:  Ya existe la llave (id_usuario1, id_usuario2)=(2, 10).\n'),)
17:32:23 - ERR - ExecuteNonQuery - (UniqueViolation('llave duplicada viola restricción de unicidad «amistades_id_usuario1_id_usuario2_key»\nDETAIL:  Ya existe la llave (id_usuario1, id_usuario2)=(2, 9).\n'),)
17:32:28 - ERR - ExecuteNonQuery - (UniqueViolation('llave duplicada viola restricción de unicidad «amistades_id_usuario1_id_usuario2_key»\nDETAIL:  Ya existe la llave (id_usuario1, id_usuario2)=(2, 10).\n'),)
17:33:02 - ERR - ExecuteNonQuery - (UniqueViolation('llave duplicada viola restricción de unicidad «amistades_id_usuario1_id_usuario2_key»\nDETAIL:  Ya existe la llave (id_usuario1, id_usuario2)=(2, 9).\n'),)
17:46:03 - ERR - ExecuteNonQuery - (UniqueViolation('llave duplicada viola restricción de unicidad «amistades_id_usuario1_id_usuario2_key»\nDETAIL:  Ya existe la llave (id_usuario1, id_usuario2)=(2, 9).\n'),)
17:46:03 - ERR - ExecuteNonQuery - (UniqueViolation('llave duplicada viola restricción de unicidad «amistades_id_usuario1_id_usuario2_key»\nDETAIL:  Ya existe la llave (id_usuario1, id_usuario2)=(2, 10).\n'),)
17:51:42 - ERR - getRecords - (SyntaxError("error de sintaxis en o cerca de «%»\nLINE 4: ...     WHERE estado = 'aceptado' AND (id_usuario1 = %s OR id_u...\n                                                             ^\n"),)
17:51:50 - ERR - getRecords - (SyntaxError("error de sintaxis en o cerca de «%»\nLINE 4: ...     WHERE estado = 'aceptado' AND (id_usuario1 = %s OR id_u...\n                                                             ^\n"),)
17:52:02 - ERR - getRecords - (SyntaxError("error de sintaxis en o cerca de «%»\nLINE 4: ...     WHERE estado = 'aceptado' AND (id_usuario1 = %s OR id_u...\n                                                             ^\n"),)
17:53:20 - ERR - getRecords - (SyntaxError("error de sintaxis en o cerca de «%»\nLINE 4: ...     WHERE estado = 'aceptado' AND (id_usuario1 = %s OR id_u...\n                                                             ^\n"),)
17:53:40 - ERR - getRecords - (SyntaxError("error de sintaxis en o cerca de «%»\nLINE 4: ...            WHERE estado = 'aceptado' AND (id_usuario1 = %s)\n                                                                    ^\n"),)
17:53:58 - ERR - getRecords - (SyntaxError("error de sintaxis en o cerca de «%»\nLINE 4: ...            WHERE estado = 'aceptado' AND (id_usuario1 = %s)\n                                                                    ^\n"),)
17:55:11 - ERR - getRecords - (UndefinedColumn("no existe la columna «s»\nLINE 4: ...   WHERE estado = 'aceptado' AND (id_usuario1 = %%s OR id_us...\n                                                             ^\n"),)
17:56:09 - ERR - getRecords - (SyntaxError("error de sintaxis en o cerca de «%»\nLINE 4: ...     WHERE estado = 'aceptado' AND (id_usuario1 = %s OR id_u...\n                                                             ^\n"),)
17:56:13 - ERR - getRecords - (SyntaxError("error de sintaxis en o cerca de «%»\nLINE 4: ...     WHERE estado = 'aceptado' AND (id_usuario1 = %s OR id_u...\n                                                             ^\n"),)
17:56:51 - ERR - ExecuteNonQuery - (UniqueViolation('llave duplicada viola restricción de unicidad «amistades_id_usuario1_id_usuario2_key»\nDETAIL:  Ya existe la llave (id_usuario1, id_usuario2)=(2, 10).\n'),)
17:56:52 - ERR - ExecuteNonQuery - (UniqueViolation('llave duplicada viola restricción de unicidad «amistades_id_usuario1_id_usuario2_key»\nDETAIL:  Ya existe la llave (id_usuario1, id_usuario2)=(2, 9).\n'),)
18:02:32 - ERR - getRecords - (SyntaxError('error de sintaxis en o cerca de «%»\nLINE 8:                     WHERE id = %s\n                                       ^\n'),)
18:03:43 - ERR - getRecords - (UndefinedParameter('no hay parámetro $1\nLINE 4:                 WHERE id = $1\n                                   ^\n'),)
18:03:43 - ERR - getPublicacionesPorCarrera - (Exception('Error al Obtener carrera del usuario -> no hay parámetro $1\nLINE 4:                 WHERE id = $1\n                                   ^\n'),)
18:04:47 - ERR - getRecords - (UndefinedParameter('no hay parámetro $1\nLINE 4:                 WHERE id = $1\n                                   ^\n'),)
18:04:47 - ERR - getPublicacionesPorCarrera - (Exception('Error al Obtener carrera del usuario -> no hay parámetro $1\nLINE 4:                 WHERE id = $1\n                                   ^\n'),)
18:06:18 - ERR - getPublicacionesPorCarrera - (KeyError(0),)
18:07:10 - ERR - getPublicacionesPorCarrera - (KeyError(0),)
18:08:22 - ERR - getPublicacionesPorCarrera - (KeyError(0),)
18:09:36 - ERR - getPublicacionesPorCarrera - (KeyError(0),)
18:10:46 - ERR - getPublicacionesPorCarrera - (KeyError(0),)
18:11:15 - ERR - getPublicacionesPorCarrera - (KeyError(0),)
18:11:19 - ERR - getPublicacionesPorCarrera - (KeyError(0),)
18:12:30 - ERR - getPublicacionesPorCarrera - (KeyError(0),)
18:12:31 - ERR - getPublicacionesPorCarrera - (KeyError(0),)
18:13:11 - ERR - getPublicacionesPorCarrera - (KeyError(0),)
18:14:19 - ERR - getPublicacionesPorCarrera - (KeyError(0),)
18:14:39 - ERR - getPublicacionesPorCarrera - (KeyError(0),)
18:15:00 - ERR - getPublicacionesPorCarrera - (KeyError(0),)
18:15:07 - ERR - getPublicacionesPorCarrera - (Exception('Usuario no encontrado'),)
18:15:10 - ERR - getPublicacionesPorCarrera - (KeyError(0),)
18:15:24 - ERR - getPublicacionesPorCarrera - (Exception('Usuario no encontrado'),)
18:15:58 - ERR - getPublicacionesPorCarrera - (Exception('Usuario no encontrado'),)
18:16:01 - ERR - getPublicacionesPorCarrera - (KeyError(0),)
18:17:32 - ERR - getPublicacionesPorCarrera - (KeyError(0),)
18:57:07 - ERR - get - (TypeError("response_not_found() got an unexpected keyword argument 'message'"),)
18:57:56 - ERR - get - (TypeError("response_not_found() got an unexpected keyword argument 'message'"),)
18:58:35 - ERR - get - (TypeError("response_not_found() got an unexpected keyword argument 'message'"),)
19:22:26 - ERR - ExecuteNonQuery - (UniqueViolation('llave duplicada viola restricción de unicidad «amistades_id_usuario1_id_usuario2_key»\nDETAIL:  Ya existe la llave (id_usuario1, id_usuario2)=(11, 2).\n'),)
19:22:27 - ERR - ExecuteNonQuery - (UniqueViolation('llave duplicada viola restricción de unicidad «amistades_id_usuario1_id_usuario2_key»\nDETAIL:  Ya existe la llave (id_usuario1, id_usuario2)=(11, 9).\n'),)
19:22:28 - ERR - ExecuteNonQuery - (UniqueViolation('llave duplicada viola restricción de unicidad «amistades_id_usuario1_id_usuario2_key»\nDETAIL:  Ya existe la llave (id_usuario1, id_usuario2)=(11, 10).\n'),)
19:47:31 - ERR - ExecuteNonQuery - (CheckViolation('el nuevo registro para la relación «reacciones» viola la restricción «check» «reacciones_tipo_check»\nDETAIL:  La fila que falla contiene (4, 5, 11, haha, 2024-07-20 19:47:31.699265).\n'),)
19:47:35 - ERR - ExecuteNonQuery - (CheckViolation('el nuevo registro para la relación «reacciones» viola la restricción «check» «reacciones_tipo_check»\nDETAIL:  La fila que falla contiene (5, 21, 11, like, 2024-07-20 19:47:35.776256).\n'),)
19:52:32 - ERR - ExecuteNonQuery - (CheckViolation('el nuevo registro para la relación «reacciones» viola la restricción «check» «reacciones_tipo_check»\nDETAIL:  La fila que falla contiene (14, 5, 11, sad, 2024-07-20 19:52:32.065176).\n'),)
19:52:35 - ERR - ExecuteNonQuery - (CheckViolation('el nuevo registro para la relación «reacciones» viola la restricción «check» «reacciones_tipo_check»\nDETAIL:  La fila que falla contiene (15, 5, 11, haha, 2024-07-20 19:52:35.032167).\n'),)
19:56:46 - ERR - ExecuteNonQuery - (CheckViolation('el nuevo registro para la relación «reacciones» viola la restricción «check» «reacciones_tipo_check»\nDETAIL:  La fila que falla contiene (16, 5, 11, wow, 2024-07-20 19:56:46.340535).\n'),)
19:56:47 - ERR - ExecuteNonQuery - (CheckViolation('el nuevo registro para la relación «reacciones» viola la restricción «check» «reacciones_tipo_check»\nDETAIL:  La fila que falla contiene (17, 5, 11, angry, 2024-07-20 19:56:47.182905).\n'),)
19:56:48 - ERR - ExecuteNonQuery - (CheckViolation('el nuevo registro para la relación «reacciones» viola la restricción «check» «reacciones_tipo_check»\nDETAIL:  La fila que falla contiene (18, 5, 11, like, 2024-07-20 19:56:48.80904).\n'),)
19:57:01 - ERR - ExecuteNonQuery - (CheckViolation('el nuevo registro para la relación «reacciones» viola la restricción «check» «reacciones_tipo_check»\nDETAIL:  La fila que falla contiene (19, 5, 11, like, 2024-07-20 19:57:01.612329).\n'),)
19:57:15 - ERR - ExecuteNonQuery - (CheckViolation('el nuevo registro para la relación «reacciones» viola la restricción «check» «reacciones_tipo_check»\nDETAIL:  La fila que falla contiene (20, 5, 11, haha, 2024-07-20 19:57:15.143596).\n'),)
20:07:34 - ERR - crear_reaccion - (AttributeError("type object 'DataBaseHandle' has no attribute 'ExecuteQuery'"),)
20:08:15 - ERR - crear_reaccion - (AttributeError("type object 'DataBaseHandle' has no attribute 'ExecuteQuery'"),)
20:08:17 - ERR - crear_reaccion - (AttributeError("type object 'DataBaseHandle' has no attribute 'ExecuteQuery'"),)
21:04:13 - ERR - ExecuteNonQuery - (UniqueViolation('llave duplicada viola restricción de unicidad «amistades_id_usuario1_id_usuario2_key»\nDETAIL:  Ya existe la llave (id_usuario1, id_usuario2)=(2, 10).\n'),)
22:40:16 - ERR - ExecuteNonQuery - (UniqueViolation('llave duplicada viola restricción de unicidad «amistades_id_usuario1_id_usuario2_key»\nDETAIL:  Ya existe la llave (id_usuario1, id_usuario2)=(11, 10).\n'),)
22:40:30 - ERR - ExecuteNonQuery - (UniqueViolation('llave duplicada viola restricción de unicidad «amistades_id_usuario1_id_usuario2_key»\nDETAIL:  Ya existe la llave (id_usuario1, id_usuario2)=(11, 2).\n'),)
22:40:31 - ERR - ExecuteNonQuery - (UniqueViolation('llave duplicada viola restricción de unicidad «amistades_id_usuario1_id_usuario2_key»\nDETAIL:  Ya existe la llave (id_usuario1, id_usuario2)=(11, 9).\n'),)
23:24:22 - ERR - ExecuteNonQuery - (UniqueViolation('llave duplicada viola restricción de unicidad «amistades_id_usuario1_id_usuario2_key»\nDETAIL:  Ya existe la llave (id_usuario1, id_usuario2)=(11, 9).\n'),)
