09:45:18 - ERR - getPublicacionesPorCarrera - (Exception('Usuario no encontrado'),)
10:00:04 - ERR - getGruposPorCarrera - (KeyError(0),)
10:00:31 - ERR - getGruposPorCarrera - (KeyError(0),)
10:00:32 - ERR - getGruposPorCarrera - (KeyError(0),)
10:00:35 - ERR - getGruposPorCarrera - (KeyError(0),)
10:03:07 - ERR - getGruposPorCarrera - (KeyError(0),)
10:03:10 - ERR - getGruposPorCarrera - (KeyError(0),)
10:03:37 - ERR - getGruposPorCarrera - (KeyError(0),)
10:05:01 - ERR - getGruposPorCarrera - (KeyError(0),)
10:05:22 - ERR - getGruposPorCarrera - (KeyError(0),)
10:05:28 - ERR - getGruposPorCarrera - (KeyError(0),)
10:09:52 - ERR - getGruposPorCarrera - (KeyError(0),)
10:17:39 - ERR - getGruposPorCarrera - (KeyError(0),)
10:18:44 - ERR - getRecords - (SyntaxError('error de sintaxis en o cerca de «WHERE»\nLINE 5:                 WHERE u.id_carrera = 3\n                        ^\n'),)
18:24:29 - ERR - getGruposPorCarrera - (Exception('Usuario no encontrado'),)
18:27:21 - ERR - ExecuteNonQuery - (UniqueViolation('llave duplicada viola restricción de unicidad «amistades_id_usuario1_id_usuario2_key»\nDETAIL:  Ya existe la llave (id_usuario1, id_usuario2)=(2, 9).\n'),)
19:50:43 - ERR - ExecuteNonQuery - (UniqueViolation('llave duplicada viola restricción de unicidad «amistades_id_usuario1_id_usuario2_key»\nDETAIL:  Ya existe la llave (id_usuario1, id_usuario2)=(2, 9).\n'),)
19:53:04 - ERR - ExecuteNonQuery - (UniqueViolation('llave duplicada viola restricción de unicidad «amistades_id_usuario1_id_usuario2_key»\nDETAIL:  Ya existe la llave (id_usuario1, id_usuario2)=(2, 10).\n'),)
20:31:54 - ERR - ExecuteNonQuery - (UniqueViolation('llave duplicada viola restricción de unicidad «amistades_id_usuario1_id_usuario2_key»\nDETAIL:  Ya existe la llave (id_usuario1, id_usuario2)=(9, 2).\n'),)
20:31:58 - ERR - ExecuteNonQuery - (UniqueViolation('llave duplicada viola restricción de unicidad «amistades_id_usuario1_id_usuario2_key»\nDETAIL:  Ya existe la llave (id_usuario1, id_usuario2)=(9, 10).\n'),)
20:31:59 - ERR - ExecuteNonQuery - (UniqueViolation('llave duplicada viola restricción de unicidad «amistades_id_usuario1_id_usuario2_key»\nDETAIL:  Ya existe la llave (id_usuario1, id_usuario2)=(9, 11).\n'),)
21:22:48 - ERR - getRecords - (UndefinedColumn('no existe la columna «id_grupo»\nLINE 4:                 WHERE id_grupo = 2\n                              ^\n'),)
21:28:08 - ERR - getRecords - (UndefinedColumn('no existe la columna «id_grupo»\nLINE 4:                 WHERE id_grupo = 2\n                              ^\n'),)
21:32:50 - ERR - getRecords - (UndefinedColumn('no existe la columna «id_grupo»\nLINE 4:                 WHERE id_grupo = 2\n                              ^\n'),)
21:44:19 - ERR - getMensajesPorCarrera - (KeyError(0),)
21:48:15 - ERR - getRecords - (UndefinedColumn('no existe la columna «id_grupo»\nLINE 3:                 WHERE id_grupo = 2\n                              ^\n'),)
21:50:19 - ERR - getRecords - (UndefinedColumn('no existe la columna «id_grupo»\nLINE 3:                 WHERE id_grupo = 2\n                              ^\n'),)
21:50:29 - ERR - getRecords - (UndefinedColumn('no existe la columna «id_grupo»\nLINE 3:                 WHERE id_grupo = 2\n                              ^\n'),)
21:50:33 - ERR - getRecords - (UndefinedColumn('no existe la columna «id_grupo»\nLINE 3:                 WHERE id_grupo = 2\n                              ^\n'),)
21:50:47 - ERR - getRecords - (UndefinedColumn('no existe la columna «id_grupo»\nLINE 3:                 WHERE id_grupo = 2\n                              ^\n'),)
22:00:09 - ERR - getRecords - (UndefinedColumn('no existe la columna «id_grupo»\nLINE 3:                 WHERE id_grupo = 2\n                              ^\n'),)
22:02:31 - ERR - getRecords - (UndefinedColumn('no existe la columna «id_grupo»\nLINE 3:                 WHERE id_grupo = 2\n                              ^\n'),)
22:05:01 - ERR - getRecords - (UndefinedColumn('no existe la columna «id_grupo»\nLINE 3:                 WHERE id_grupo = 2\n                              ^\n'),)
22:09:00 - ERR - getRecords - (UndefinedColumn('no existe la columna «id_grupo»\nLINE 3:                 WHERE id_grupo = 11\n                              ^\n'),)
22:09:09 - ERR - getRecords - (UndefinedColumn('no existe la columna «id_grupo»\nLINE 3:                 WHERE id_grupo = 11\n                              ^\n'),)
22:15:49 - ERR - getRecords - (UndefinedColumn('no existe la columna «id_grupo»\nLINE 3:                 WHERE id_grupo = 11\n                              ^\n'),)
22:16:41 - ERR - getRecords - (UndefinedColumn('no existe la columna «id_grupo»\nLINE 3:                 WHERE id_grupo = 11\n                              ^\n'),)
22:18:22 - ERR - getRecords - (UndefinedColumn('no existe la columna «id_grupo»\nLINE 3:                 WHERE id_grupo = 11\n                              ^\n'),)
22:18:24 - ERR - getRecords - (UndefinedColumn('no existe la columna «id_grupo»\nLINE 3:                 WHERE id_grupo = 11\n                              ^\n'),)
22:20:03 - ERR - getRecords - (UndefinedColumn('no existe la columna «id_grupo»\nLINE 3:                 WHERE id_grupo = 11\n                              ^\n'),)
22:20:04 - ERR - getRecords - (UndefinedColumn('no existe la columna «id_grupo»\nLINE 3:                 WHERE id_grupo = 11\n                              ^\n'),)
22:32:28 - ERR - get_user_by_id - (AttributeError("type object 'DataBaseHandle' has no attribute 'ExecuteQuery'"),)
22:34:26 - ERR - get - (NameError("name 'UsuarioComponent' is not defined"),)
22:41:31 - ERR - ExecuteNonQuery - (UniqueViolation('llave duplicada viola restricción de unicidad «amistades_id_usuario1_id_usuario2_key»\nDETAIL:  Ya existe la llave (id_usuario1, id_usuario2)=(11, 2).\n'),)
22:42:16 - ERR - ExecuteNonQuery - (UniqueViolation('llave duplicada viola restricción de unicidad «amistades_id_usuario1_id_usuario2_key»\nDETAIL:  Ya existe la llave (id_usuario1, id_usuario2)=(11, 2).\n'),)
