13:14:51 - INF - <module> - ('Servicio Iniciado',)
13:14:51 - INF - <module> - ('Servicio Iniciado',)
13:15:42 - INF - get - ('Ejecutando servicio de Listar CARRERAS',)
13:15:42 - INF - get - ('Ejecutando servicio de Listar CARRERAS',)
13:16:21 - INF - get - ('Ejecutando servicio de Listar CARRERAS',)
13:16:21 - INF - get - ('Ejecutando servicio de Listar CARRERAS',)
13:16:35 - INF - post - ('Ejecutando servicio de Login',)
13:18:05 - INF - get - ('Ejecutando servicio de Listar CARRERAS',)
13:18:06 - INF - get - ('Ejecutando servicio de Listar CARRERAS',)
13:21:36 - INF - get - ('Ejecutando servicio de Listar CARRERAS',)
13:21:36 - INF - get - ('Ejecutando servicio de Listar CARRERAS',)
13:21:58 - INF - get - ('Ejecutando servicio de Listar CARRERAS',)
13:22:14 - INF - get - ('Ejecutando servicio de Listar CARRERAS',)
13:22:16 - INF - post - ('Ejecutando servicio de Login',)
13:25:00 - INF - get - ('Ejecutando servicio de Listar CARRERAS',)
13:25:01 - INF - get - ('Ejecutando servicio de Listar CARRERAS',)
13:25:01 - INF - post - ('Ejecutando servicio de Login',)
13:30:15 - INF - get - ('Ejecutando servicio de Listar CARRERAS',)
13:30:15 - INF - get - ('Ejecutando servicio de Listar CARRERAS',)
13:30:16 - INF - post - ('Ejecutando servicio de Login',)
13:31:59 - INF - get - ('Ejecutando servicio de Listar CARRERAS',)
13:32:36 - INF - get - ('Ejecutando servicio de Listar CARRERAS',)
13:32:40 - INF - post - ('Ejecutando servicio de Login',)
13:32:41 - INF - post - ('Ejecutando servicio de Login',)
13:32:42 - INF - post - ('Ejecutando servicio de Login',)
13:32:52 - INF - get - ('Ejecutando servicio de Listar CARRERAS',)
13:32:54 - INF - post - ('Ejecutando servicio de Login',)
13:33:05 - INF - get - ('Ejecutando servicio de Listar CARRERAS',)
13:33:05 - INF - get - ('Ejecutando servicio de Listar CARRERAS',)
13:33:06 - INF - post - ('Ejecutando servicio de Login',)
13:36:46 - INF - get - ('Ejecutando servicio de Listar CARRERAS',)
13:36:46 - INF - get - ('Ejecutando servicio de Listar CARRERAS',)
13:37:15 - INF - get - ('Ejecutando servicio de Listar CARRERAS',)
13:37:41 - INF - get - ('Ejecutando servicio de Listar CARRERAS',)
13:37:44 - INF - post - ('Ejecutando servicio de Login',)
13:37:47 - INF - get - ('Ejecutando servicio de Listar CARRERAS',)
13:37:47 - INF - get - ('Ejecutando servicio de Listar CARRERAS',)
13:37:47 - INF - post - ('Ejecutando servicio de Login',)
13:37:49 - INF - get - ('Ejecutando servicio de Listar CARRERAS',)
13:37:50 - INF - get - ('Ejecutando servicio de Listar CARRERAS',)
13:37:55 - INF - post - ('Ejecutando servicio de Login',)
13:37:57 - INF - post - ('Ejecutando servicio de Login',)
13:37:59 - INF - get - ('Ejecutando servicio de Listar CARRERAS',)
13:38:00 - INF - get - ('Ejecutando servicio de Listar CARRERAS',)
13:38:24 - INF - get - ('Ejecutando servicio de Listar CARRERAS',)
13:38:24 - INF - get - ('Ejecutando servicio de Listar CARRERAS',)
13:38:26 - INF - post - ('Ejecutando servicio de Login',)
13:38:28 - INF - get - ('Ejecutando servicio de Listar CARRERAS',)
13:38:28 - INF - get - ('Ejecutando servicio de Listar CARRERAS',)
13:39:14 - INF - post - ('Ejecutando servicio de Login',)
13:40:21 - INF - get - ('Ejecutando servicio de Listar CARRERAS',)
13:40:21 - INF - get - ('Ejecutando servicio de Listar CARRERAS',)
13:40:21 - INF - post - ('Ejecutando servicio de Login',)
13:41:03 - INF - get - ('Ejecutando servicio de Listar CARRERAS',)
13:41:03 - INF - get - ('Ejecutando servicio de Listar CARRERAS',)
13:41:05 - INF - post - ('Ejecutando servicio de Login',)
13:41:07 - INF - get - ('Ejecutando servicio de Listar CARRERAS',)
13:41:08 - INF - get - ('Ejecutando servicio de Listar CARRERAS',)
13:42:13 - INF - get - ('Ejecutando servicio de Listar CARRERAS',)
13:42:15 - INF - post - ('Ejecutando servicio de Login',)
13:43:45 - INF - get - ('Ejecutando servicio de Listar CARRERAS',)
13:43:45 - INF - get - ('Ejecutando servicio de Listar CARRERAS',)
13:45:07 - INF - get - ('Ejecutando servicio de Listar CARRERAS',)
13:45:23 - INF - post - ('Ejecutando servicio de Login',)
13:45:23 - INF - post - ('Ejecutando servicio de Login',)
13:45:25 - INF - post - ('Ejecutando servicio de Login',)
13:45:25 - INF - post - ('Ejecutando servicio de Login',)
13:45:35 - INF - get - ('Ejecutando servicio de Listar CARRERAS',)
13:45:36 - INF - get - ('Ejecutando servicio de Listar CARRERAS',)
13:45:36 - INF - post - ('Ejecutando servicio de Login',)
13:45:37 - INF - post - ('Ejecutando servicio de Login',)
13:45:38 - INF - post - ('Ejecutando servicio de Login',)
13:45:38 - INF - post - ('Ejecutando servicio de Login',)
13:45:40 - INF - post - ('Ejecutando servicio de Login',)
13:45:40 - INF - post - ('Ejecutando servicio de Login',)
13:45:40 - INF - post - ('Ejecutando servicio de Login',)
13:45:40 - INF - post - ('Ejecutando servicio de Login',)
13:45:40 - INF - post - ('Ejecutando servicio de Login',)
13:45:40 - INF - post - ('Ejecutando servicio de Login',)
13:45:40 - INF - post - ('Ejecutando servicio de Login',)
13:45:41 - INF - post - ('Ejecutando servicio de Login',)
13:45:44 - INF - post - ('Ejecutando servicio de Login',)
13:45:45 - INF - post - ('Ejecutando servicio de Login',)
13:47:44 - INF - get - ('Ejecutando servicio de Listar CARRERAS',)
13:47:47 - INF - post - ('Ejecutando servicio de Login',)
13:47:47 - INF - post - ('Ejecutando servicio de Login',)
13:47:49 - INF - post - ('Ejecutando servicio de Login',)
13:47:49 - INF - post - ('Ejecutando servicio de Login',)
13:47:56 - INF - get - ('Ejecutando servicio de Listar CARRERAS',)
13:48:35 - INF - post - ('Ejecutando servicio de Login',)
13:48:35 - INF - post - ('Ejecutando servicio de Login',)
13:48:38 - INF - get - ('Ejecutando servicio de Listar CARRERAS',)
13:48:38 - INF - get - ('Ejecutando servicio de Listar CARRERAS',)
13:48:39 - INF - post - ('Ejecutando servicio de Login',)
13:48:39 - INF - post - ('Ejecutando servicio de Login',)
13:48:43 - INF - post - ('Ejecutando servicio de Login',)
13:48:43 - INF - post - ('Ejecutando servicio de Login',)
13:49:02 - INF - get - ('Ejecutando servicio de Listar CARRERAS',)
13:49:05 - INF - post - ('Ejecutando servicio de Login',)
13:49:05 - INF - post - ('Ejecutando servicio de Login',)
13:49:08 - INF - post - ('Ejecutando servicio de Login',)
13:49:08 - INF - post - ('Ejecutando servicio de Login',)
13:49:10 - INF - get - ('Ejecutando servicio de Listar CARRERAS',)
13:49:11 - INF - get - ('Ejecutando servicio de Listar CARRERAS',)
13:49:13 - INF - post - ('Ejecutando servicio de Login',)
13:49:13 - INF - post - ('Ejecutando servicio de Login',)
13:49:15 - INF - post - ('Ejecutando servicio de Login',)
13:49:15 - INF - post - ('Ejecutando servicio de Login',)
13:49:15 - INF - post - ('Ejecutando servicio de Login',)
13:49:15 - INF - post - ('Ejecutando servicio de Login',)
13:49:15 - INF - post - ('Ejecutando servicio de Login',)
13:49:16 - INF - post - ('Ejecutando servicio de Login',)
13:49:19 - INF - get - ('Ejecutando servicio de Listar CARRERAS',)
13:49:23 - INF - post - ('Ejecutando servicio de Login',)
13:49:23 - INF - post - ('Ejecutando servicio de Login',)
13:49:51 - INF - get - ('Ejecutando servicio de Listar CARRERAS',)
13:49:51 - INF - get - ('Ejecutando servicio de Listar CARRERAS',)
13:50:18 - INF - post - ('Ejecutando servicio de Login',)
13:50:18 - INF - post - ('Ejecutando servicio de Login',)
13:50:18 - INF - post - ('Ejecutando servicio de Login',)
13:50:18 - INF - post - ('Ejecutando servicio de Login',)
13:50:20 - INF - get - ('Ejecutando servicio de Listar CARRERAS',)
13:50:20 - INF - get - ('Ejecutando servicio de Listar CARRERAS',)
13:51:10 - INF - post - ('Ejecutando servicio de Login',)
13:51:11 - INF - post - ('Ejecutando servicio de Login',)
13:51:22 - INF - post - ('Ejecutando servicio de Login',)
13:51:22 - INF - post - ('Ejecutando servicio de Login',)
13:51:27 - INF - post - ('Ejecutando servicio de Login',)
13:51:27 - INF - post - ('Ejecutando servicio de Login',)
13:53:07 - INF - get - ('Ejecutando servicio de Listar CARRERAS',)
13:53:10 - INF - post - ('Ejecutando servicio de Login',)
13:53:10 - INF - post - ('Ejecutando servicio de Login',)
13:53:12 - INF - post - ('Ejecutando servicio de Login',)
13:53:13 - INF - post - ('Ejecutando servicio de Login',)
13:53:13 - INF - post - ('Ejecutando servicio de Login',)
13:53:13 - INF - post - ('Ejecutando servicio de Login',)
13:54:24 - INF - get - ('Ejecutando servicio de Listar CARRERAS',)
13:54:27 - INF - get - ('Ejecutando servicio de Listar CARRERAS',)
13:54:27 - INF - get - ('Ejecutando servicio de Listar CARRERAS',)
13:54:29 - INF - post - ('Ejecutando servicio de Login',)
13:54:29 - INF - post - ('Ejecutando servicio de Login',)
13:54:32 - INF - get - ('Ejecutando servicio de Listar CARRERAS',)
13:54:33 - INF - get - ('Ejecutando servicio de Listar CARRERAS',)
13:54:34 - INF - post - ('Ejecutando servicio de Login',)
13:54:34 - INF - post - ('Ejecutando servicio de Login',)
13:54:35 - INF - post - ('Ejecutando servicio de Login',)
13:54:36 - INF - post - ('Ejecutando servicio de Login',)
13:54:36 - INF - post - ('Ejecutando servicio de Login',)
13:54:36 - INF - post - ('Ejecutando servicio de Login',)
13:54:36 - INF - post - ('Ejecutando servicio de Login',)
13:54:36 - INF - post - ('Ejecutando servicio de Login',)
13:54:37 - INF - post - ('Ejecutando servicio de Login',)
13:54:37 - INF - post - ('Ejecutando servicio de Login',)
13:54:37 - INF - post - ('Ejecutando servicio de Login',)
13:54:37 - INF - post - ('Ejecutando servicio de Login',)
13:54:37 - INF - post - ('Ejecutando servicio de Login',)
13:54:37 - INF - post - ('Ejecutando servicio de Login',)
13:54:37 - INF - post - ('Ejecutando servicio de Login',)
13:54:37 - INF - post - ('Ejecutando servicio de Login',)
13:54:37 - INF - post - ('Ejecutando servicio de Login',)
13:54:37 - INF - post - ('Ejecutando servicio de Login',)
13:54:37 - INF - post - ('Ejecutando servicio de Login',)
13:54:37 - INF - post - ('Ejecutando servicio de Login',)
13:54:55 - INF - get - ('Ejecutando servicio de Listar CARRERAS',)
13:54:58 - INF - post - ('Ejecutando servicio de Login',)
13:54:59 - INF - post - ('Ejecutando servicio de Login',)
13:55:01 - INF - get - ('Ejecutando servicio de Listar CARRERAS',)
13:55:02 - INF - get - ('Ejecutando servicio de Listar CARRERAS',)
13:55:35 - INF - get - ('Ejecutando servicio de Listar CARRERAS',)
13:55:40 - INF - post - ('Ejecutando servicio de Login',)
13:55:40 - INF - post - ('Ejecutando servicio de Login',)
13:55:41 - INF - get - ('Ejecutando servicio de Listar CARRERAS',)
13:55:42 - INF - get - ('Ejecutando servicio de Listar CARRERAS',)
13:56:16 - INF - get - ('Ejecutando servicio de Listar CARRERAS',)
13:56:21 - INF - get - ('Ejecutando servicio de Listar CARRERAS',)
13:56:21 - INF - get - ('Ejecutando servicio de Listar CARRERAS',)
13:56:24 - INF - get - ('Ejecutando servicio de Listar CARRERAS',)
13:56:24 - INF - get - ('Ejecutando servicio de Listar CARRERAS',)
13:56:26 - INF - get - ('Ejecutando servicio de Listar CARRERAS',)
13:56:26 - INF - get - ('Ejecutando servicio de Listar CARRERAS',)
13:56:30 - INF - post - ('Ejecutando servicio de Login',)
13:56:30 - INF - post - ('Ejecutando servicio de Login',)
13:56:32 - INF - get - ('Ejecutando servicio de Listar CARRERAS',)
13:56:32 - INF - get - ('Ejecutando servicio de Listar CARRERAS',)
13:58:01 - INF - get - ('Ejecutando servicio de Listar CARRERAS',)
13:58:02 - INF - get - ('Ejecutando servicio de Listar CARRERAS',)
13:58:06 - INF - get - ('Ejecutando servicio de Listar CARRERAS',)
13:58:06 - INF - get - ('Ejecutando servicio de Listar CARRERAS',)
13:58:10 - INF - post - ('Ejecutando servicio de Login',)
13:58:11 - INF - post - ('Ejecutando servicio de Login',)
13:58:13 - INF - get - ('Ejecutando servicio de Listar CARRERAS',)
13:58:14 - INF - get - ('Ejecutando servicio de Listar CARRERAS',)
14:00:08 - INF - post - ('Ejecutando servicio de Login',)
14:00:08 - INF - post - ('Ejecutando servicio de Login',)
14:10:02 - INF - get - ('Ejecutando servicio de Listar CARRERAS',)
14:10:02 - INF - get - ('Ejecutando servicio de Listar CARRERAS',)
14:10:05 - INF - post - ('Ejecutando servicio de Login',)
14:10:05 - INF - post - ('Ejecutando servicio de Login',)
14:12:41 - INF - get - ('Ejecutando servicio de Listar CARRERAS',)
14:12:41 - INF - get - ('Ejecutando servicio de Listar CARRERAS',)
14:12:44 - INF - post - ('Ejecutando servicio de Login',)
14:12:44 - INF - post - ('Ejecutando servicio de Login',)
14:13:00 - INF - <module> - ('Servicio Finalizado',)
14:13:01 - INF - <module> - ('Servicio Iniciado',)
14:14:02 - INF - get - ('Ejecutando servicio de Listar CARRERAS',)
14:14:02 - INF - get - ('Ejecutando servicio de Listar CARRERAS',)
14:14:07 - INF - post - ('Ejecutando servicio de Login',)
14:14:07 - INF - post - ('Ejecutando servicio de Login',)
14:18:53 - INF - get - ('Ejecutando servicio de Listar CARRERAS',)
14:18:54 - INF - get - ('Ejecutando servicio de Listar CARRERAS',)
14:18:56 - INF - post - ('Ejecutando servicio de Login',)
14:18:57 - INF - post - ('Ejecutando servicio de Login',)
14:19:00 - INF - get - ('Ejecutando servicio de Listar CARRERAS',)
14:19:00 - INF - get - ('Ejecutando servicio de Listar CARRERAS',)
14:19:05 - INF - post - ('Ejecutando servicio de Login',)
14:19:10 - INF - post - ('Ejecutando servicio de Login',)
14:19:10 - INF - post - ('Ejecutando servicio de Login',)
14:30:31 - INF - get - ('Ejecutando servicio de Listar CARRERAS',)
14:30:32 - INF - get - ('Ejecutando servicio de Listar CARRERAS',)
14:30:35 - INF - post - ('Ejecutando servicio de Login',)
14:30:35 - INF - post - ('Ejecutando servicio de Login',)
14:30:38 - INF - get - ('Ejecutando servicio de Listar CARRERAS',)
14:30:39 - INF - get - ('Ejecutando servicio de Listar CARRERAS',)
14:30:50 - INF - get - ('Ejecutando servicio de Listar CARRERAS',)
14:30:50 - INF - get - ('Ejecutando servicio de Listar CARRERAS',)
14:31:08 - INF - post - ('Ejecutando servicio de Login',)
14:31:08 - INF - post - ('Ejecutando servicio de Login',)
14:31:10 - INF - post - ('Ejecutando servicio de Login',)
14:31:11 - INF - post - ('Ejecutando servicio de Login',)
14:31:26 - INF - post - ('Ejecutando servicio de Login',)
14:31:26 - INF - post - ('Ejecutando servicio de Login',)
14:31:52 - INF - post - ('Ejecutando servicio de Login',)
14:31:52 - INF - post - ('Ejecutando servicio de Login',)
14:33:44 - INF - post - ('Ejecutando servicio de Login',)
14:33:44 - INF - post - ('Ejecutando servicio de Login',)
14:34:22 - INF - post - ('Ejecutando servicio de Login',)
14:34:34 - INF - post - ('Ejecutando servicio de Login',)
14:34:34 - INF - post - ('Ejecutando servicio de Login',)
14:34:54 - INF - get - ('Ejecutando servicio de Listar CARRERAS',)
14:34:54 - INF - get - ('Ejecutando servicio de Listar CARRERAS',)
14:34:55 - INF - get - ('Ejecutando servicio de Listar CARRERAS',)
14:35:02 - INF - post - ('Ejecutando servicio de Login',)
14:37:19 - INF - get - ('Ejecutando servicio de Listar CARRERAS',)
14:37:19 - INF - get - ('Ejecutando servicio de Listar CARRERAS',)
14:38:56 - INF - get - ('Ejecutando servicio de Listar CARRERAS',)
14:38:56 - INF - get - ('Ejecutando servicio de Listar CARRERAS',)
14:39:01 - INF - post - ('Ejecutando servicio de Login',)
14:39:04 - INF - get - ('Ejecutando servicio de Listar CARRERAS',)
14:39:04 - INF - get - ('Ejecutando servicio de Listar CARRERAS',)
14:40:02 - INF - get - ('Ejecutando servicio de Listar CARRERAS',)
14:40:02 - INF - get - ('Ejecutando servicio de Listar CARRERAS',)
14:40:21 - INF - post - ('Ejecutando servicio de Login',)
14:40:25 - INF - get - ('Ejecutando servicio de Listar CARRERAS',)
14:40:26 - INF - get - ('Ejecutando servicio de Listar CARRERAS',)
14:40:34 - INF - post - ('Ejecutando servicio de Login',)
14:40:36 - INF - get - ('Ejecutando servicio de Listar CARRERAS',)
14:40:36 - INF - get - ('Ejecutando servicio de Listar CARRERAS',)
14:40:59 - INF - post - ('Ejecutando servicio de Login',)
14:42:10 - INF - get - ('Ejecutando servicio de Listar CARRERAS',)
14:43:23 - INF - get - ('Ejecutando servicio de Listar CARRERAS',)
14:43:24 - INF - get - ('Ejecutando servicio de Listar CARRERAS',)
14:46:48 - INF - post - ('Ejecutando servicio de Login',)
14:52:50 - INF - get - ('Ejecutando servicio de Listar CARRERAS',)
14:52:51 - INF - get - ('Ejecutando servicio de Listar CARRERAS',)
14:52:56 - INF - post - ('Ejecutando servicio de Login',)
14:58:33 - INF - get - ('Ejecutando servicio de Listar CARRERAS',)
14:58:34 - INF - get - ('Ejecutando servicio de Listar CARRERAS',)
14:58:39 - INF - post - ('Ejecutando servicio de Login',)
15:05:31 - INF - get - ('Ejecutando servicio de Listar CARRERAS',)
15:05:31 - INF - get - ('Ejecutando servicio de Listar CARRERAS',)
15:05:48 - INF - post - ('Ejecutando servicio de Login',)
15:09:34 - INF - get - ('Ejecutando servicio de Listar CARRERAS',)
15:09:34 - INF - get - ('Ejecutando servicio de Listar CARRERAS',)
15:09:40 - INF - post - ('Ejecutando servicio de Login',)
15:10:20 - INF - get - ('Ejecutando servicio de Listar CARRERAS',)
15:11:02 - INF - get - ('Ejecutando servicio de Listar CARRERAS',)
15:11:11 - INF - post - ('Ejecutando servicio de Login',)
15:11:55 - INF - get - ('Ejecutando servicio de Listar CARRERAS',)
15:11:56 - INF - get - ('Ejecutando servicio de Listar CARRERAS',)
15:12:12 - INF - post - ('Ejecutando servicio de Login',)
15:14:12 - INF - get - ('Ejecutando servicio de Listar CARRERAS',)
15:14:13 - INF - get - ('Ejecutando servicio de Listar CARRERAS',)
15:14:15 - INF - get - ('Ejecutando servicio de Listar CARRERAS',)
15:14:16 - INF - get - ('Ejecutando servicio de Listar CARRERAS',)
15:14:20 - INF - post - ('Ejecutando servicio de Login',)
15:17:34 - INF - post - ('Ejecutando servicio de Login',)
15:21:11 - INF - post - ('Ejecutando servicio de Login',)
15:42:36 - INF - get - ('Ejecutando servicio de Listar CARRERAS',)
15:42:37 - INF - get - ('Ejecutando servicio de Listar CARRERAS',)
15:48:10 - INF - <module> - ('Servicio Finalizado',)
15:48:11 - INF - <module> - ('Servicio Finalizado',)
15:49:50 - INF - <module> - ('Servicio Iniciado',)
15:49:50 - INF - <module> - ('Servicio Iniciado',)
15:52:19 - INF - get - ('Ejecutando servicio de Listar CARRERAS',)
15:56:05 - INF - <module> - ('Servicio Finalizado',)
15:56:05 - INF - <module> - ('Servicio Finalizado',)
15:56:39 - INF - <module> - ('Servicio Iniciado',)
15:56:40 - INF - <module> - ('Servicio Iniciado',)
15:57:57 - INF - get - ('Ejecutando servicio de Listar PUBLICACIONES',)
15:58:59 - INF - post - ('Ejecutando servicio de Login',)
16:00:26 - INF - get - ('Ejecutando servicio de Listar PUBLICACIONES',)
16:03:12 - INF - get - ('Ejecutando servicio de Listar PUBLICACIONES',)
16:06:55 - INF - get - ('Ejecutando servicio de Listar PUBLICACIONES',)
16:16:31 - INF - get - ('Ejecutando servicio de Listar CARRERAS',)
16:16:31 - INF - get - ('Ejecutando servicio de Listar CARRERAS',)
16:16:34 - INF - get - ('Ejecutando servicio de Listar CARRERAS',)
16:16:34 - INF - get - ('Ejecutando servicio de Listar CARRERAS',)
16:17:03 - INF - post - ('Ejecutando servicio de Login',)
16:18:31 - INF - <module> - ('Servicio Finalizado',)
16:18:31 - INF - <module> - ('Servicio Finalizado',)
16:18:34 - INF - <module> - ('Servicio Iniciado',)
16:18:34 - INF - <module> - ('Servicio Iniciado',)
16:19:13 - INF - <module> - ('Servicio Finalizado',)
16:19:14 - INF - <module> - ('Servicio Iniciado',)
16:21:33 - INF - <module> - ('Servicio Finalizado',)
16:21:33 - INF - <module> - ('Servicio Finalizado',)
