10:36:37 - INF - <module> - ('Servicio Iniciado',)
10:36:38 - INF - <module> - ('Servicio Iniciado',)
10:36:42 - INF - post - ('Ejecutando servicio de Login',)
10:37:15 - INF - post - ('Ejecutando servicio de Login',)
10:38:42 - INF - post - ('Ejecutando servicio de Login',)
10:42:04 - INF - get - ('Ejecutando servicio de Listar CARRERAS',)
10:42:04 - INF - get - ('Ejecutando servicio de Listar CARRERAS',)
10:42:10 - INF - post - ('Ejecutando servicio de Login',)
10:42:13 - INF - get - ('Ejecutando servicio de Listar CARRERAS',)
10:42:14 - INF - get - ('Ejecutando servicio de Listar CARRERAS',)
10:43:57 - INF - post - ('Ejecutando servicio de Login',)
11:36:54 - INF - get - ('Ejecutando servicio de Listar CARRERAS',)
11:36:59 - INF - get - ('Ejecutando servicio de Listar CARRERAS',)
11:39:02 - INF - <module> - ('Servicio Finalizado',)
11:39:03 - INF - <module> - ('Servicio Iniciado',)
11:39:45 - INF - <module> - ('Servicio Finalizado',)
11:39:46 - INF - <module> - ('Servicio Iniciado',)
11:40:51 - INF - get - ('Ejecutando servicio de Listar CARRERAS',)
11:40:51 - INF - get - ('Ejecutando servicio de Listar CARRERAS',)
11:40:56 - INF - post - ('Ejecutando servicio de Login',)
11:41:30 - INF - <module> - ('Servicio Finalizado',)
11:41:31 - INF - <module> - ('Servicio Iniciado',)
11:41:35 - INF - post - ('Ejecutando servicio de Login',)
11:43:08 - INF - <module> - ('Servicio Finalizado',)
11:43:09 - INF - <module> - ('Servicio Iniciado',)
11:43:13 - INF - post - ('Ejecutando servicio de Login',)
11:43:14 - INF - get - ('Ejecutando servicio de Listar CARRERAS',)
11:43:15 - INF - get - ('Ejecutando servicio de Listar CARRERAS',)
11:43:23 - INF - post - ('Ejecutando servicio de Login',)
11:43:40 - INF - <module> - ('Servicio Finalizado',)
11:43:41 - INF - <module> - ('Servicio Iniciado',)
11:43:44 - INF - post - ('Ejecutando servicio de Login',)
11:44:04 - INF - <module> - ('Servicio Finalizado',)
11:44:05 - INF - <module> - ('Servicio Iniciado',)
11:44:06 - INF - post - ('Ejecutando servicio de Login',)
11:44:21 - INF - <module> - ('Servicio Finalizado',)
11:44:22 - INF - <module> - ('Servicio Iniciado',)
11:44:23 - INF - post - ('Ejecutando servicio de Login',)
11:45:07 - INF - <module> - ('Servicio Finalizado',)
11:45:07 - INF - <module> - ('Servicio Iniciado',)
11:45:12 - INF - <module> - ('Servicio Finalizado',)
11:45:12 - INF - <module> - ('Servicio Finalizado',)
15:07:45 - INF - <module> - ('Servicio Iniciado',)
15:07:46 - INF - <module> - ('Servicio Iniciado',)
15:09:47 - INF - <module> - ('Servicio Finalizado',)
15:09:48 - INF - <module> - ('Servicio Finalizado',)
15:13:59 - INF - <module> - ('Servicio Iniciado',)
15:14:00 - INF - <module> - ('Servicio Iniciado',)
15:15:38 - INF - <module> - ('Servicio Finalizado',)
15:15:38 - INF - <module> - ('Servicio Finalizado',)
15:15:40 - INF - <module> - ('Servicio Iniciado',)
15:15:41 - INF - <module> - ('Servicio Iniciado',)
15:15:49 - INF - get - ('Ejecutando servicio para obtener ID de usuario por nombre',)
15:15:57 - INF - get - ('Ejecutando servicio para obtener ID de usuario por nombre',)
15:19:51 - INF - get - ('Ejecutando servicio para obtener ID de usuario por nombre',)
15:22:16 - INF - get - ('Ejecutando servicio para obtener ID de usuario por nombre',)
15:22:37 - INF - get - ('Ejecutando servicio para obtener ID de usuario por nombre',)
15:25:21 - INF - <module> - ('Servicio Finalizado',)
15:25:22 - INF - <module> - ('Servicio Finalizado',)
15:31:26 - INF - <module> - ('Servicio Iniciado',)
15:31:27 - INF - <module> - ('Servicio Iniciado',)
15:35:00 - INF - <module> - ('Servicio Finalizado',)
15:35:00 - INF - <module> - ('Servicio Finalizado',)
15:35:02 - INF - <module> - ('Servicio Iniciado',)
15:35:03 - INF - <module> - ('Servicio Iniciado',)
15:35:37 - INF - <module> - ('Servicio Finalizado',)
15:35:38 - INF - <module> - ('Servicio Iniciado',)
15:36:00 - INF - <module> - ('Servicio Finalizado',)
15:36:01 - INF - <module> - ('Servicio Finalizado',)
15:36:53 - INF - <module> - ('Servicio Iniciado',)
15:36:53 - INF - <module> - ('Servicio Iniciado',)
15:38:14 - INF - <module> - ('Servicio Finalizado',)
15:38:15 - INF - <module> - ('Servicio Iniciado',)
15:39:48 - INF - <module> - ('Servicio Finalizado',)
15:39:49 - INF - <module> - ('Servicio Iniciado',)
15:41:36 - INF - <module> - ('Servicio Finalizado',)
15:41:37 - INF - <module> - ('Servicio Iniciado',)
15:42:59 - INF - <module> - ('Servicio Finalizado',)
15:42:59 - INF - <module> - ('Servicio Finalizado',)
15:44:44 - INF - <module> - ('Servicio Iniciado',)
15:44:45 - INF - <module> - ('Servicio Iniciado',)
15:45:49 - INF - <module> - ('Servicio Finalizado',)
15:45:50 - INF - <module> - ('Servicio Iniciado',)
15:46:02 - INF - <module> - ('Servicio Finalizado',)
15:46:02 - INF - <module> - ('Servicio Iniciado',)
15:48:19 - INF - <module> - ('Servicio Finalizado',)
15:48:20 - INF - <module> - ('Servicio Iniciado',)
15:50:04 - INF - <module> - ('Servicio Finalizado',)
15:50:05 - INF - <module> - ('Servicio Iniciado',)
15:51:53 - INF - <module> - ('Servicio Finalizado',)
15:51:54 - INF - <module> - ('Servicio Iniciado',)
15:52:06 - INF - <module> - ('Servicio Finalizado',)
15:52:07 - INF - <module> - ('Servicio Iniciado',)
15:52:44 - INF - <module> - ('Servicio Finalizado',)
15:52:45 - INF - <module> - ('Servicio Iniciado',)
15:53:01 - INF - <module> - ('Servicio Finalizado',)
15:53:02 - INF - <module> - ('Servicio Iniciado',)
15:57:03 - INF - <module> - ('Servicio Finalizado',)
15:57:04 - INF - <module> - ('Servicio Iniciado',)
15:57:12 - INF - post - ('Ejecutando servicio de Login',)
15:57:19 - INF - <module> - ('Servicio Finalizado',)
15:57:20 - INF - <module> - ('Servicio Iniciado',)
15:57:34 - INF - post - ('Ejecutando servicio de Login',)
15:58:21 - INF - get - ('Ejecutando servicio de Listar CARRERAS',)
15:58:44 - INF - get - ('Ejecutando servicio de Listar PUBLICACIONES',)
16:08:13 - INF - get - ('Ejecutando servicio de Listar CARRERAS',)
16:08:13 - INF - get - ('Ejecutando servicio de Listar CARRERAS',)
16:08:24 - INF - post - ('Ejecutando servicio de Login',)
16:16:25 - INF - get - ('Ejecutando servicio de Listar CARRERAS',)
16:16:25 - INF - get - ('Ejecutando servicio de Listar CARRERAS',)
16:16:30 - INF - post - ('Ejecutando servicio de Login',)
16:19:13 - INF - get - ('Ejecutando servicio de Listar CARRERAS',)
16:19:13 - INF - get - ('Ejecutando servicio de Listar CARRERAS',)
16:19:22 - INF - post - ('Ejecutando servicio de Login',)
16:28:07 - INF - post - ('Ejecutando servicio de Login',)
16:28:10 - INF - post - ('Ejecutando servicio de Login',)
16:28:17 - INF - post - ('Ejecutando servicio de Login',)
16:35:26 - INF - get - ('Ejecutando servicio de Listar CARRERAS',)
16:35:26 - INF - get - ('Ejecutando servicio de Listar CARRERAS',)
16:35:30 - INF - post - ('Ejecutando servicio de Login',)
16:42:18 - INF - get - ('Ejecutando servicio de Listar CARRERAS',)
16:42:18 - INF - get - ('Ejecutando servicio de Listar CARRERAS',)
16:42:26 - INF - post - ('Ejecutando servicio de Login',)
16:49:10 - INF - get - ('Ejecutando servicio de Listar CARRERAS',)
16:49:10 - INF - get - ('Ejecutando servicio de Listar CARRERAS',)
16:49:16 - INF - post - ('Ejecutando servicio de Login',)
16:51:48 - INF - get - ('Ejecutando servicio de Listar CARRERAS',)
16:51:49 - INF - get - ('Ejecutando servicio de Listar CARRERAS',)
16:51:57 - INF - post - ('Ejecutando servicio de Login',)
16:51:59 - INF - get - ('Ejecutando servicio de Listar CARRERAS',)
16:52:00 - INF - get - ('Ejecutando servicio de Listar CARRERAS',)
16:52:01 - INF - get - ('Ejecutando servicio de Listar CARRERAS',)
16:52:01 - INF - get - ('Ejecutando servicio de Listar CARRERAS',)
16:52:01 - INF - get - ('Ejecutando servicio de Listar CARRERAS',)
16:52:02 - INF - get - ('Ejecutando servicio de Listar CARRERAS',)
16:52:13 - INF - post - ('Ejecutando servicio de Login',)
16:52:17 - INF - get - ('Ejecutando servicio de Listar CARRERAS',)
16:52:17 - INF - get - ('Ejecutando servicio de Listar CARRERAS',)
16:52:18 - INF - get - ('Ejecutando servicio de Listar CARRERAS',)
16:52:18 - INF - get - ('Ejecutando servicio de Listar CARRERAS',)
16:52:18 - INF - get - ('Ejecutando servicio de Listar CARRERAS',)
16:52:19 - INF - get - ('Ejecutando servicio de Listar CARRERAS',)
16:52:19 - INF - get - ('Ejecutando servicio de Listar CARRERAS',)
16:52:20 - INF - get - ('Ejecutando servicio de Listar CARRERAS',)
16:52:20 - INF - get - ('Ejecutando servicio de Listar CARRERAS',)
16:52:21 - INF - get - ('Ejecutando servicio de Listar CARRERAS',)
16:52:34 - INF - post - ('Ejecutando servicio de Login',)
16:58:59 - INF - get - ('Ejecutando servicio de Listar CARRERAS',)
16:58:59 - INF - get - ('Ejecutando servicio de Listar CARRERAS',)
17:00:12 - INF - get - ('Ejecutando servicio de Listar CARRERAS',)
17:00:12 - INF - get - ('Ejecutando servicio de Listar CARRERAS',)
17:01:20 - INF - get - ('Ejecutando servicio de Listar CARRERAS',)
17:01:20 - INF - get - ('Ejecutando servicio de Listar CARRERAS',)
17:02:42 - INF - get - ('Ejecutando servicio de Listar CARRERAS',)
17:02:42 - INF - get - ('Ejecutando servicio de Listar CARRERAS',)
17:04:33 - INF - get - ('Ejecutando servicio de Listar CARRERAS',)
17:04:33 - INF - get - ('Ejecutando servicio de Listar CARRERAS',)
17:04:45 - INF - get - ('Ejecutando servicio de Listar CARRERAS',)
17:04:46 - INF - get - ('Ejecutando servicio de Listar CARRERAS',)
17:05:04 - INF - post - ('Ejecutando servicio de Login',)
17:07:16 - INF - get - ('Ejecutando servicio de Listar CARRERAS',)
17:07:16 - INF - get - ('Ejecutando servicio de Listar CARRERAS',)
17:08:13 - INF - get - ('Ejecutando servicio de Listar CARRERAS',)
17:08:13 - INF - get - ('Ejecutando servicio de Listar CARRERAS',)
17:12:34 - INF - get - ('Ejecutando servicio de Listar CARRERAS',)
17:12:34 - INF - get - ('Ejecutando servicio de Listar CARRERAS',)
17:18:02 - INF - <module> - ('Servicio Finalizado',)
17:18:03 - INF - <module> - ('Servicio Iniciado',)
17:18:10 - INF - <module> - ('Servicio Finalizado',)
17:18:11 - INF - <module> - ('Servicio Iniciado',)
17:30:24 - INF - <module> - ('Servicio Finalizado',)
17:30:25 - INF - <module> - ('Servicio Iniciado',)
17:30:34 - INF - <module> - ('Servicio Finalizado',)
17:30:34 - INF - <module> - ('Servicio Iniciado',)
17:36:37 - INF - <module> - ('Servicio Finalizado',)
17:36:38 - INF - <module> - ('Servicio Finalizado',)
17:37:28 - INF - <module> - ('Servicio Iniciado',)
17:37:28 - INF - <module> - ('Servicio Iniciado',)
17:41:26 - INF - get - ('Ejecutando servicio de Listar PUBLICACIONES',)
17:46:53 - INF - <module> - ('Servicio Finalizado',)
17:46:54 - INF - <module> - ('Servicio Finalizado',)
17:49:12 - INF - <module> - ('Servicio Iniciado',)
17:49:12 - INF - <module> - ('Servicio Iniciado',)
17:49:42 - INF - <module> - ('Servicio Finalizado',)
17:49:42 - INF - <module> - ('Servicio Finalizado',)
